{
  "RSpec": {
    "coverage": {
      "/Users/benhall/Desktop/Projects/oyster-card/spec/oystercard_spec.rb": {
        "lines": [
          null,
          null,
          1,
          null,
          1,
          5,
          null,
          1,
          1,
          1,
          null,
          null,
          null,
          null,
          1,
          1,
          4,
          null,
          null,
          1,
          1,
          1,
          null,
          null,
          null,
          null,
          null,
          1,
          2,
          null,
          1,
          1,
          2,
          null,
          null,
          1,
          1,
          4,
          null,
          null,
          1,
          1,
          null,
          null,
          4,
          null,
          null,
          null,
          null,
          1,
          2,
          null,
          1,
          1,
          1,
          4,
          null,
          null,
          1,
          1,
          1,
          4,
          null,
          null,
          null,
          null,
          1,
          2,
          null,
          null,
          null
        ]
      },
      "/Users/benhall/Desktop/Projects/oyster-card/lib/oystercard.rb": {
        "lines": [
          null,
          null,
          null,
          1,
          1,
          1,
          1,
          1,
          null,
          null,
          1,
          11,
          11,
          null,
          null,
          1,
          6,
          5,
          null,
          null,
          1,
          5,
          4,
          null,
          null,
          1,
          2,
          2,
          null,
          null,
          1,
          5,
          null,
          null,
          1,
          null,
          1,
          6,
          null,
          null,
          1,
          2,
          null,
          null
        ]
      }
    },
    "timestamp": 1643734947
  }
}
